<?xml version="1.0" encoding="UTF-8"?>
<!-- Generated by org.testng.reporters.JUnitReportReporter -->
<testsuite hostname="DESKTOP-Q6E8PS0" failures="0" tests="1" name="popsugar.selenium.testCase.TestSignIn_tk25" time="36.504" errors="0" timestamp="2020-01-12T16:18:16 CST" skipped="0">
  <testcase classname="popsugar.selenium.testCase.TestSignIn_tk25" name="signIn" time="36.504"/>
</testsuite> <!-- popsugar.selenium.testCase.TestSignIn_tk25 -->
