<?xml version="1.0" encoding="UTF-8"?>
<!-- Generated by org.testng.reporters.JUnitReportReporter -->
<testsuite skipped="0" hostname="LAPTOP-SG82FFS3" name="popsugar.selenium.testCase.TestSignIn_tk25" tests="1" failures="0" timestamp="2019-12-26T09:25:47 CST" time="111.465" errors="0">
  <testcase name="signIn" time="111.465" classname="popsugar.selenium.testCase.TestSignIn_tk25"/>
</testsuite> <!-- popsugar.selenium.testCase.TestSignIn_tk25 -->
