<?xml version="1.0" encoding="UTF-8"?>
<!-- Generated by org.testng.reporters.JUnitReportReporter -->
<testsuite hostname="DESKTOP-Q6E8PS0" failures="0" tests="1" name="popsugar.selenium.testCase.testCookie" time="31.237" errors="0" timestamp="2020-01-12T16:18:16 CST" skipped="0">
  <testcase classname="popsugar.selenium.testCase.testCookie" name="test" time="31.237"/>
</testsuite> <!-- popsugar.selenium.testCase.testCookie -->
